<?xml version="1.0" encoding="UTF-8"?>
<testng-results ignored="0" total="2" passed="2" failed="0" skipped="0">
  <reporter-output>
  </reporter-output>
  <suite started-at="2024-12-16T13:46:47 IST" name="Suite" finished-at="2024-12-16T13:47:34 IST" duration-ms="47099">
    <groups>
    </groups>
    <test started-at="2024-12-16T13:46:47 IST" name="Test" finished-at="2024-12-16T13:47:34 IST" duration-ms="47099">
      <class name="Test.VerifyLoginPage">
        <test-method is-config="true" signature="browserlaunch(java.lang.String)[pri:0, instance:Test.VerifyLoginPage@4f1bfe23]" started-at="2024-12-16T13:46:47 IST" name="browserlaunch" finished-at="2024-12-16T13:47:01 IST" duration-ms="13463" status="PASS">
          <params>
            <param index="0">
              <value>
                <![CDATA[chrome]]>
              </value>
            </param>
          </params>
          <reporter-output>
          </reporter-output>
        </test-method> <!-- browserlaunch -->
        <test-method signature="loginpage()[pri:0, instance:Test.VerifyLoginPage@4f1bfe23]" started-at="2024-12-16T13:47:01 IST" name="loginpage" finished-at="2024-12-16T13:47:08 IST" duration-ms="7319" status="PASS">
          <reporter-output>
          </reporter-output>
        </test-method> <!-- loginpage -->
        <test-method is-config="true" signature="failedScreenshot(org.testng.ITestResult)[pri:0, instance:Test.VerifyLoginPage@4f1bfe23]" started-at="2024-12-16T13:47:08 IST" name="failedScreenshot" finished-at="2024-12-16T13:47:08 IST" duration-ms="303" status="PASS">
          <params>
            <param index="0">
              <value>
                <![CDATA[[TestResult name=loginpage status=SUCCESS method=VerifyLoginPage.loginpage()[pri:0, instance:Test.VerifyLoginPage@4f1bfe23] output={null}]]]>
              </value>
            </param>
          </params>
          <reporter-output>
          </reporter-output>
        </test-method> <!-- failedScreenshot -->
      </class> <!-- Test.VerifyLoginPage -->
      <class name="Test.VerifyUserPage">
        <test-method signature="adduser()[pri:0, instance:Test.VerifyUserPage@5adb0db3]" started-at="2024-12-16T13:47:08 IST" name="adduser" finished-at="2024-12-16T13:47:34 IST" duration-ms="25755" status="PASS">
          <reporter-output>
          </reporter-output>
        </test-method> <!-- adduser -->
        <test-method is-config="true" signature="failedScreenshot(org.testng.ITestResult)[pri:0, instance:Test.VerifyUserPage@5adb0db3]" started-at="2024-12-16T13:47:34 IST" name="failedScreenshot" finished-at="2024-12-16T13:47:34 IST" duration-ms="183" status="PASS">
          <params>
            <param index="0">
              <value>
                <![CDATA[[TestResult name=adduser status=SUCCESS method=VerifyUserPage.adduser()[pri:0, instance:Test.VerifyUserPage@5adb0db3] output={null}]]]>
              </value>
            </param>
          </params>
          <reporter-output>
          </reporter-output>
        </test-method> <!-- failedScreenshot -->
      </class> <!-- Test.VerifyUserPage -->
    </test> <!-- Test -->
  </suite> <!-- Suite -->
</testng-results>
