<?xml version="1.0" encoding="UTF-8"?>
<testng-results ignored="0" total="2" passed="2" failed="0" skipped="0">
  <reporter-output>
  </reporter-output>
  <suite started-at="2024-12-17T10:43:11 IST" name="Suite" finished-at="2024-12-17T10:43:46 IST" duration-ms="35041">
    <groups>
    </groups>
    <test started-at="2024-12-17T10:43:11 IST" name="Test" finished-at="2024-12-17T10:43:46 IST" duration-ms="35041">
      <class name="Test.VerifyLoginPage">
        <test-method is-config="true" signature="browserlaunch(java.lang.String)[pri:0, instance:Test.VerifyLoginPage@4f1bfe23]" started-at="2024-12-17T10:43:11 IST" name="browserlaunch" finished-at="2024-12-17T10:43:25 IST" duration-ms="14339" status="PASS">
          <params>
            <param index="0">
              <value>
                <![CDATA[chrome]]>
              </value>
            </param>
          </params>
          <reporter-output>
          </reporter-output>
        </test-method> <!-- browserlaunch -->
        <test-method signature="loginpage()[pri:0, instance:Test.VerifyLoginPage@4f1bfe23]" started-at="2024-12-17T10:43:25 IST" name="loginpage" finished-at="2024-12-17T10:43:32 IST" duration-ms="7343" status="PASS">
          <reporter-output>
          </reporter-output>
        </test-method> <!-- loginpage -->
        <test-method is-config="true" signature="failedScreenshot(org.testng.ITestResult)[pri:0, instance:Test.VerifyLoginPage@4f1bfe23]" started-at="2024-12-17T10:43:32 IST" name="failedScreenshot" finished-at="2024-12-17T10:43:33 IST" duration-ms="419" status="PASS">
          <params>
            <param index="0">
              <value>
                <![CDATA[[TestResult name=loginpage status=SUCCESS method=VerifyLoginPage.loginpage()[pri:0, instance:Test.VerifyLoginPage@4f1bfe23] output={null}]]]>
              </value>
            </param>
          </params>
          <reporter-output>
          </reporter-output>
        </test-method> <!-- failedScreenshot -->
      </class> <!-- Test.VerifyLoginPage -->
      <class name="Test.VerifyTasks">
        <test-method signature="ADDTASKS()[pri:0, instance:Test.VerifyTasks@5adb0db3]" started-at="2024-12-17T10:43:33 IST" name="ADDTASKS" finished-at="2024-12-17T10:43:46 IST" duration-ms="12758" status="PASS">
          <reporter-output>
          </reporter-output>
        </test-method> <!-- ADDTASKS -->
        <test-method is-config="true" signature="failedScreenshot(org.testng.ITestResult)[pri:0, instance:Test.VerifyTasks@5adb0db3]" started-at="2024-12-17T10:43:46 IST" name="failedScreenshot" finished-at="2024-12-17T10:43:46 IST" duration-ms="129" status="PASS">
          <params>
            <param index="0">
              <value>
                <![CDATA[[TestResult name=ADDTASKS status=SUCCESS method=VerifyTasks.ADDTASKS()[pri:0, instance:Test.VerifyTasks@5adb0db3] output={null}]]]>
              </value>
            </param>
          </params>
          <reporter-output>
          </reporter-output>
        </test-method> <!-- failedScreenshot -->
      </class> <!-- Test.VerifyTasks -->
    </test> <!-- Test -->
  </suite> <!-- Suite -->
</testng-results>
