<?xml version="1.0" encoding="UTF-8"?>
<!-- Generated by org.testng.reporters.JUnitXMLReporter -->
<testsuite ignored="1" hostname="Annam" failures="0" tests="2" name="Test" time="51.103" errors="0" timestamp="2024-12-19T00:03:00 IST">
  <testcase classname="Test.VerifyLoginPage" name="loginpage" time="6.681"/>
  <testcase classname="Test.VerifyProjects" name="addprojects" time="32.16"/>
  <testcase classname="utility.base" name="@BeforeTest browserlaunch" time="0.0">
    <ignored/>
  </testcase> <!-- @BeforeTest browserlaunch -->
</testsuite> <!-- Test -->
