<?xml version="1.0" encoding="UTF-8"?>
<!-- Generated by org.testng.reporters.JUnitXMLReporter -->
<testsuite ignored="1" hostname="Annam" failures="0" tests="2" name="Test" time="43.479" errors="0" timestamp="2024-12-16T13:58:11 IST">
  <testcase classname="Test.VerifyLoginPage" name="loginpage" time="7.649"/>
  <testcase classname="Test.VerifyUserPage" name="adduser" time="22.787"/>
  <testcase classname="utility.base" name="@BeforeTest browserlaunch" time="0.0">
    <ignored/>
  </testcase> <!-- @BeforeTest browserlaunch -->
</testsuite> <!-- Test -->
